<?xml version="1.0" encoding="UTF-8"?>
<testsuite xmlns:xsi="http://www.w3.org/2001/XMLSchema-instance" xsi:noNamespaceSchemaLocation="https://maven.apache.org/surefire/maven-surefire-plugin/xsd/surefire-test-report-3.0.xsd" version="3.0" name="com.happeo.dao.PostDaoTest" time="0.616" tests="4" errors="0" skipped="0" failures="0">
  <properties>
[...]
</properties>
  <testcase name="testGetPosts" classname="com.happeo.dao.PostDaoTest" time="0.186"/>
  <testcase name="testAddPost" classname="com.happeo.dao.PostDaoTest" time="0.016"/>
  <testcase name="testSavePost" classname="com.happeo.dao.PostDaoTest" time="0.396"/>
  <testcase name="testSavePostException" classname="com.happeo.dao.PostDaoTest" time="0.01"/>
</testsuite>